{"message":"::1 - - [22/Dec/2018:04:21:28 +0000] \"GET /customers HTTP/1.1\" 200 1012 \"-\" \"PostmanRuntime/7.4.0\"\n","level":"info","timestamp":"2018-12-22T04:21:28.066Z"}
{"message":"::1 - - [22/Dec/2018:04:21:33 +0000] \"GET /customer/6 HTTP/1.1\" 200 14 \"-\" \"PostmanRuntime/7.4.0\"\n","level":"info","timestamp":"2018-12-22T04:21:33.516Z"}
{"message":"::1 - - [22/Dec/2018:04:22:48 +0000] \"GET /customer/6 HTTP/1.1\" 200 14 \"-\" \"PostmanRuntime/7.4.0\"\n","level":"info","timestamp":"2018-12-22T04:22:48.449Z"}
{"message":"::1 - - [22/Dec/2018:04:24:57 +0000] \"GET /customer/6 HTTP/1.1\" 200 14 \"-\" \"PostmanRuntime/7.4.0\"\n","level":"info","timestamp":"2018-12-22T04:24:57.051Z"}
{"message":"::1 - - [22/Dec/2018:04:26:07 +0000] \"GET /customer/6 HTTP/1.1\" 200 14 \"-\" \"PostmanRuntime/7.4.0\"\n","level":"info","timestamp":"2018-12-22T04:26:07.055Z"}
{"message":"::1 - - [22/Dec/2018:04:26:21 +0000] \"GET /customer/a HTTP/1.1\" 200 14 \"-\" \"PostmanRuntime/7.4.0\"\n","level":"info","timestamp":"2018-12-22T04:26:21.870Z"}
{"message":"::1 - - [22/Dec/2018:04:26:27 +0000] \"GET /customer/ HTTP/1.1\" 404 148 \"-\" \"PostmanRuntime/7.4.0\"\n","level":"info","timestamp":"2018-12-22T04:26:27.020Z"}
{"message":"::1 - - [22/Dec/2018:04:26:53 +0000] \"GET /customer/10 HTTP/1.1\" 200 14 \"-\" \"PostmanRuntime/7.4.0\"\n","level":"info","timestamp":"2018-12-22T04:26:53.896Z"}
{"message":"::1 - - [22/Dec/2018:07:29:51 +0000] \"GET /customers HTTP/1.1\" 500 2657 \"-\" \"PostmanRuntime/7.4.0\"\n","level":"info","timestamp":"2018-12-22T07:29:51.734Z"}
{"name":"SequelizeDatabaseError","parent":{"code":"ER_BAD_FIELD_ERROR","errno":1054,"sqlState":"42S22","sqlMessage":"Unknown column 'birth_date' in 'field list'","sql":"SELECT `customer_number` AS `customerNumber`, `first_name` AS `firstName`, `last_name` AS `lastName`, `birth_date` AS `birthDate`, `username`, `password`, `phone_number` AS `phoneNumber`, `phone_type` AS `phoneType` FROM `customer` AS `customer`;"},"original":{"code":"ER_BAD_FIELD_ERROR","errno":1054,"sqlState":"42S22","sqlMessage":"Unknown column 'birth_date' in 'field list'","sql":"SELECT `customer_number` AS `customerNumber`, `first_name` AS `firstName`, `last_name` AS `lastName`, `birth_date` AS `birthDate`, `username`, `password`, `phone_number` AS `phoneNumber`, `phone_type` AS `phoneType` FROM `customer` AS `customer`;"},"sql":"SELECT `customer_number` AS `customerNumber`, `first_name` AS `firstName`, `last_name` AS `lastName`, `birth_date` AS `birthDate`, `username`, `password`, `phone_number` AS `phoneNumber`, `phone_type` AS `phoneType` FROM `customer` AS `customer`;","level":"error","timestamp":"2018-12-22T07:30:49.359Z"}
{"message":"::1 - - [22/Dec/2018:07:31:42 +0000] \"GET /customers HTTP/1.1\" 200 967 \"-\" \"PostmanRuntime/7.4.0\"\n","level":"info","timestamp":"2018-12-22T07:31:42.659Z"}
{"message":"::1 - - [22/Dec/2018:07:31:49 +0000] \"GET /customer/5 HTTP/1.1\" 500 2660 \"-\" \"PostmanRuntime/7.4.0\"\n","level":"info","timestamp":"2018-12-22T07:31:49.068Z"}
{"message":"::1 - - [22/Dec/2018:07:34:10 +0000] \"GET /customer/5 HTTP/1.1\" 200 220 \"-\" \"PostmanRuntime/7.4.0\"\n","level":"info","timestamp":"2018-12-22T07:34:10.249Z"}
{"message":"::1 - - [22/Dec/2018:07:34:14 +0000] \"GET /customes HTTP/1.1\" 404 147 \"-\" \"PostmanRuntime/7.4.0\"\n","level":"info","timestamp":"2018-12-22T07:34:14.382Z"}
{"message":"::1 - - [22/Dec/2018:07:34:18 +0000] \"GET /customers HTTP/1.1\" 200 967 \"-\" \"PostmanRuntime/7.4.0\"\n","level":"info","timestamp":"2018-12-22T07:34:18.313Z"}
{"message":"::1 - - [22/Dec/2018:07:34:34 +0000] \"DELETE /customer/17 HTTP/1.1\" 404 153 \"-\" \"PostmanRuntime/7.4.0\"\n","level":"info","timestamp":"2018-12-22T07:34:34.276Z"}
{"message":"::1 - - [22/Dec/2018:07:34:50 +0000] \"GET /accounts HTTP/1.1\" 200 508 \"-\" \"PostmanRuntime/7.4.0\"\n","level":"info","timestamp":"2018-12-22T07:34:50.136Z"}
{"message":"::1 - - [22/Dec/2018:07:35:07 +0000] \"GET /customers HTTP/1.1\" 200 967 \"-\" \"PostmanRuntime/7.4.0\"\n","level":"info","timestamp":"2018-12-22T07:35:07.203Z"}
{"message":"::1 - - [22/Dec/2018:07:35:20 +0000] \"DELETE /customer/13 HTTP/1.1\" 404 153 \"-\" \"PostmanRuntime/7.4.0\"\n","level":"info","timestamp":"2018-12-22T07:35:20.943Z"}
{"message":"::1 - - [22/Dec/2018:07:35:33 +0000] \"GET /customers HTTP/1.1\" 200 967 \"-\" \"PostmanRuntime/7.4.0\"\n","level":"info","timestamp":"2018-12-22T07:35:33.246Z"}
{"message":"::1 - - [22/Dec/2018:07:36:59 +0000] \"POST /customer HTTP/1.1\" 500 2460 \"-\" \"PostmanRuntime/7.4.0\"\n","level":"info","timestamp":"2018-12-22T07:36:59.540Z"}
{"message":"::1 - - [22/Dec/2018:07:38:58 +0000] \"POST /customer HTTP/1.1\" 500 2460 \"-\" \"PostmanRuntime/7.4.0\"\n","level":"info","timestamp":"2018-12-22T07:38:58.667Z"}
{"message":"::1 - - [22/Dec/2018:07:39:44 +0000] \"POST /customer HTTP/1.1\" 200 57 \"-\" \"PostmanRuntime/7.4.0\"\n","level":"info","timestamp":"2018-12-22T07:39:44.867Z"}
{"message":"::1 - - [22/Dec/2018:07:39:52 +0000] \"GET /customers HTTP/1.1\" 200 1165 \"-\" \"PostmanRuntime/7.4.0\"\n","level":"info","timestamp":"2018-12-22T07:39:52.015Z"}
{"message":"::1 - - [22/Dec/2018:07:40:03 +0000] \"DELETE /customer/18 HTTP/1.1\" 404 153 \"-\" \"PostmanRuntime/7.4.0\"\n","level":"info","timestamp":"2018-12-22T07:40:03.626Z"}
{"message":"::1 - - [22/Dec/2018:07:40:27 +0000] \"GET /customers HTTP/1.1\" 200 1165 \"-\" \"PostmanRuntime/7.4.0\"\n","level":"info","timestamp":"2018-12-22T07:40:27.177Z"}
{"message":"::1 - - [22/Dec/2018:07:40:38 +0000] \"DELETE /customer/18 HTTP/1.1\" 404 153 \"-\" \"PostmanRuntime/7.4.0\"\n","level":"info","timestamp":"2018-12-22T07:40:38.126Z"}
{"message":"::1 - - [22/Dec/2018:07:41:13 +0000] \"PUT /customer HTTP/1.1\" 200 43 \"-\" \"PostmanRuntime/7.4.0\"\n","level":"info","timestamp":"2018-12-22T07:41:13.258Z"}
{"message":"::1 - - [22/Dec/2018:07:41:23 +0000] \"PUT /customer HTTP/1.1\" 200 43 \"-\" \"PostmanRuntime/7.4.0\"\n","level":"info","timestamp":"2018-12-22T07:41:23.447Z"}
{"message":"::1 - - [22/Dec/2018:07:42:32 +0000] \"PUT /customer HTTP/1.1\" 200 43 \"-\" \"PostmanRuntime/7.4.0\"\n","level":"info","timestamp":"2018-12-22T07:42:32.766Z"}
{"message":"::1 - - [22/Dec/2018:07:42:35 +0000] \"PUT /customer HTTP/1.1\" 200 43 \"-\" \"PostmanRuntime/7.4.0\"\n","level":"info","timestamp":"2018-12-22T07:42:35.488Z"}
{"message":"::1 - - [22/Dec/2018:07:42:44 +0000] \"PUT /customer HTTP/1.1\" 200 43 \"-\" \"PostmanRuntime/7.4.0\"\n","level":"info","timestamp":"2018-12-22T07:42:44.736Z"}
{"message":"::1 - - [22/Dec/2018:07:43:06 +0000] \"DELETE /customer/17 HTTP/1.1\" 404 153 \"-\" \"PostmanRuntime/7.4.0\"\n","level":"info","timestamp":"2018-12-22T07:43:06.584Z"}
{"message":"::1 - - [22/Dec/2018:07:43:11 +0000] \"DELETE /customer/18 HTTP/1.1\" 404 153 \"-\" \"PostmanRuntime/7.4.0\"\n","level":"info","timestamp":"2018-12-22T07:43:11.584Z"}
{"message":"::1 - - [22/Dec/2018:07:43:13 +0000] \"DELETE /customer/18 HTTP/1.1\" 404 153 \"-\" \"PostmanRuntime/7.4.0\"\n","level":"info","timestamp":"2018-12-22T07:43:13.883Z"}
{"message":"::1 - - [22/Dec/2018:07:44:34 +0000] \"DELETE /customer/18 HTTP/1.1\" 404 153 \"-\" \"PostmanRuntime/7.4.0\"\n","level":"info","timestamp":"2018-12-22T07:44:34.116Z"}
{"message":"::1 - - [22/Dec/2018:07:44:36 +0000] \"DELETE /customer/18 HTTP/1.1\" 404 153 \"-\" \"PostmanRuntime/7.4.0\"\n","level":"info","timestamp":"2018-12-22T07:44:36.290Z"}
{"message":"::1 - - [22/Dec/2018:07:44:36 +0000] \"DELETE /customer/18 HTTP/1.1\" 404 153 \"-\" \"PostmanRuntime/7.4.0\"\n","level":"info","timestamp":"2018-12-22T07:44:36.856Z"}
{"message":"::1 - - [22/Dec/2018:07:44:37 +0000] \"DELETE /customer/18 HTTP/1.1\" 404 153 \"-\" \"PostmanRuntime/7.4.0\"\n","level":"info","timestamp":"2018-12-22T07:44:37.832Z"}
{"message":"::1 - - [22/Dec/2018:07:44:42 +0000] \"DELETE /customers HTTP/1.1\" 404 151 \"-\" \"PostmanRuntime/7.4.0\"\n","level":"info","timestamp":"2018-12-22T07:44:42.402Z"}
{"message":"::1 - - [22/Dec/2018:07:44:48 +0000] \"GET /customers HTTP/1.1\" 200 1165 \"-\" \"PostmanRuntime/7.4.0\"\n","level":"info","timestamp":"2018-12-22T07:44:48.535Z"}
{"message":"::1 - - [22/Dec/2018:07:45:02 +0000] \"PUT /customer/18 HTTP/1.1\" 404 150 \"-\" \"PostmanRuntime/7.4.0\"\n","level":"info","timestamp":"2018-12-22T07:45:02.640Z"}
{"message":"::1 - - [22/Dec/2018:07:47:43 +0000] \"PUT /customer HTTP/1.1\" 200 43 \"-\" \"PostmanRuntime/7.4.0\"\n","level":"info","timestamp":"2018-12-22T07:47:43.766Z"}
{"message":"request for update : ","level":"info","timestamp":"2018-12-22T07:49:22.690Z"}
{"message":"result update: ","level":"info","timestamp":"2018-12-22T07:49:22.839Z"}
{"message":[null,1],"level":"info","timestamp":"2018-12-22T07:49:22.840Z"}
{"message":"::1 - - [22/Dec/2018:07:49:22 +0000] \"PUT /customer HTTP/1.1\" 200 43 \"-\" \"PostmanRuntime/7.4.0\"\n","level":"info","timestamp":"2018-12-22T07:49:22.851Z"}
{"message":"::1 - - [22/Dec/2018:07:49:28 +0000] \"GET /customers HTTP/1.1\" 200 1172 \"-\" \"PostmanRuntime/7.4.0\"\n","level":"info","timestamp":"2018-12-22T07:49:28.890Z"}
{"message":"::1 - - [22/Dec/2018:07:52:52 +0000] \"GET /customers/18 HTTP/1.1\" 404 151 \"-\" \"PostmanRuntime/7.4.0\"\n","level":"info","timestamp":"2018-12-22T07:52:52.005Z"}
{"message":"deleting customer id 18","level":"info","timestamp":"2018-12-22T07:52:58.650Z"}
{"message":"result update: ","level":"info","timestamp":"2018-12-22T07:52:58.797Z"}
{"message":1,"level":"info","timestamp":"2018-12-22T07:52:58.798Z"}
{"message":"::1 - - [22/Dec/2018:07:52:58 +0000] \"DELETE /customers/18 HTTP/1.1\" 200 55 \"-\" \"PostmanRuntime/7.4.0\"\n","level":"info","timestamp":"2018-12-22T07:52:58.803Z"}
{"message":"::1 - - [22/Dec/2018:07:53:09 +0000] \"GET /customer HTTP/1.1\" 404 147 \"-\" \"PostmanRuntime/7.4.0\"\n","level":"info","timestamp":"2018-12-22T07:53:09.750Z"}
{"message":"::1 - - [22/Dec/2018:07:53:14 +0000] \"GET /customers HTTP/1.1\" 200 974 \"-\" \"PostmanRuntime/7.4.0\"\n","level":"info","timestamp":"2018-12-22T07:53:14.169Z"}
{"message":"::1 - - [22/Dec/2018:08:02:33 +0000] \"GET /customers HTTP/1.1\" 200 974 \"-\" \"PostmanRuntime/7.4.0\"\n","level":"info","timestamp":"2018-12-22T08:02:33.690Z"}
{"level":"error","timestamp":"2018-12-22T09:49:59.452Z"}
{"message":"::1 - - [22/Dec/2018:09:49:59 +0000] \"GET /accounts HTTP/1.1\" 200 79 \"-\" \"PostmanRuntime/7.4.0\"\n","level":"info","timestamp":"2018-12-22T09:49:59.466Z"}
{"level":"error","timestamp":"2018-12-22T09:52:00.405Z"}
{"message":"::1 - - [22/Dec/2018:09:52:00 +0000] \"GET /accounts HTTP/1.1\" 200 79 \"-\" \"PostmanRuntime/7.4.0\"\n","level":"info","timestamp":"2018-12-22T09:52:00.421Z"}
{"message":"::1 - - [22/Dec/2018:09:52:07 +0000] \"GET /account/1 HTTP/1.1\" 500 2529 \"-\" \"PostmanRuntime/7.4.0\"\n","level":"info","timestamp":"2018-12-22T09:52:07.412Z"}
{"message":"::1 - - [22/Dec/2018:09:53:37 +0000] \"GET /accounts HTTP/1.1\" 200 1483 \"-\" \"PostmanRuntime/7.4.0\"\n","level":"info","timestamp":"2018-12-22T09:53:37.088Z"}
{"level":"error","timestamp":"2018-12-22T09:53:46.560Z"}
{"message":"::1 - - [22/Dec/2018:09:53:46 +0000] \"GET /account/1 HTTP/1.1\" 200 79 \"-\" \"PostmanRuntime/7.4.0\"\n","level":"info","timestamp":"2018-12-22T09:53:46.563Z"}
{"message":"::1 - - [22/Dec/2018:09:54:41 +0000] \"GET /account/1 HTTP/1.1\" 200 115 \"-\" \"PostmanRuntime/7.4.0\"\n","level":"info","timestamp":"2018-12-22T09:54:41.597Z"}
{"message":"::1 - - [25/Dec/2018:16:45:29 +0000] \"GET /accounts HTTP/1.1\" 200 1483 \"-\" \"PostmanRuntime/7.4.0\"\n","level":"info","timestamp":"2018-12-25T16:45:29.809Z"}
{"message":"::1 - - [25/Dec/2018:16:55:51 +0000] \"GET /accounts HTTP/1.1\" 200 1483 \"-\" \"PostmanRuntime/7.4.0\"\n","level":"info","timestamp":"2018-12-25T16:55:51.072Z"}
{"message":"::1 - - [25/Dec/2018:17:07:56 +0000] \"GET /account/1 HTTP/1.1\" 200 115 \"-\" \"PostmanRuntime/7.4.0\"\n","level":"info","timestamp":"2018-12-25T17:07:56.000Z"}
{"message":"request for insert : ","level":"info","timestamp":"2018-12-25T17:14:18.546Z"}
{"message":"::1 - - [25/Dec/2018:17:14:18 +0000] \"POST /account HTTP/1.1\" 200 50 \"-\" \"PostmanRuntime/7.4.0\"\n","level":"info","timestamp":"2018-12-25T17:14:18.674Z"}
{"message":"::1 - - [25/Dec/2018:17:14:31 +0000] \"GET /accounts HTTP/1.1\" 200 1785 \"-\" \"PostmanRuntime/7.4.0\"\n","level":"info","timestamp":"2018-12-25T17:14:31.399Z"}
{"message":"::1 - - [25/Dec/2018:17:37:07 +0000] \"GET /accounts HTTP/1.1\" 200 1785 \"-\" \"PostmanRuntime/7.4.0\"\n","level":"info","timestamp":"2018-12-25T17:37:07.073Z"}
{"message":"request for update","level":"info","timestamp":"2018-12-25T17:38:32.182Z"}
{"message":"::1 - - [25/Dec/2018:17:38:32 +0000] \"PUT /account HTTP/1.1\" 200 42 \"-\" \"PostmanRuntime/7.4.0\"\n","level":"info","timestamp":"2018-12-25T17:38:32.185Z"}
{"message":"request for update","level":"info","timestamp":"2018-12-25T17:40:22.513Z"}
{"message":"::1 - - [25/Dec/2018:17:40:22 +0000] \"PUT /account HTTP/1.1\" 200 42 \"-\" \"PostmanRuntime/7.4.0\"\n","level":"info","timestamp":"2018-12-25T17:40:22.514Z"}
{"message":"::1 - - [25/Dec/2018:17:40:35 +0000] \"GET /account/0 HTTP/1.1\" 200 28 \"-\" \"PostmanRuntime/7.4.0\"\n","level":"info","timestamp":"2018-12-25T17:40:35.348Z"}
{"message":"::1 - - [25/Dec/2018:17:40:41 +0000] \"GET /account/23 HTTP/1.1\" 200 28 \"-\" \"PostmanRuntime/7.4.0\"\n","level":"info","timestamp":"2018-12-25T17:40:41.466Z"}
{"message":"::1 - - [25/Dec/2018:17:40:42 +0000] \"GET /account/23 HTTP/1.1\" 200 28 \"-\" \"PostmanRuntime/7.4.0\"\n","level":"info","timestamp":"2018-12-25T17:40:42.843Z"}
{"message":"::1 - - [25/Dec/2018:17:40:44 +0000] \"GET /account/23 HTTP/1.1\" 200 28 \"-\" \"PostmanRuntime/7.4.0\"\n","level":"info","timestamp":"2018-12-25T17:40:44.706Z"}
{"message":"::1 - - [25/Dec/2018:17:40:52 +0000] \"GET /account/1 HTTP/1.1\" 200 115 \"-\" \"PostmanRuntime/7.4.0\"\n","level":"info","timestamp":"2018-12-25T17:40:52.451Z"}
{"message":"::1 - - [25/Dec/2018:17:40:57 +0000] \"GET /account/2 HTTP/1.1\" 200 28 \"-\" \"PostmanRuntime/7.4.0\"\n","level":"info","timestamp":"2018-12-25T17:40:57.065Z"}
{"message":"::1 - - [25/Dec/2018:17:41:00 +0000] \"GET /account/1 HTTP/1.1\" 200 115 \"-\" \"PostmanRuntime/7.4.0\"\n","level":"info","timestamp":"2018-12-25T17:41:00.785Z"}
{"message":"request for update","level":"info","timestamp":"2018-12-25T17:41:30.057Z"}
{"message":"::1 - - [25/Dec/2018:17:41:30 +0000] \"PUT /account HTTP/1.1\" 200 42 \"-\" \"PostmanRuntime/7.4.0\"\n","level":"info","timestamp":"2018-12-25T17:41:30.061Z"}
{"message":"::1 - - [25/Dec/2018:17:41:53 +0000] \"GET /accounts HTTP/1.1\" 200 1785 \"-\" \"PostmanRuntime/7.4.0\"\n","level":"info","timestamp":"2018-12-25T17:41:53.016Z"}
{"message":"::1 - - [25/Dec/2018:17:42:13 +0000] \"PUT /accounts HTTP/1.1\" 404 147 \"-\" \"PostmanRuntime/7.4.0\"\n","level":"info","timestamp":"2018-12-25T17:42:13.714Z"}
{"message":"::1 - - [25/Dec/2018:17:42:57 +0000] \"PUT /accounts HTTP/1.1\" 404 147 \"-\" \"PostmanRuntime/7.4.0\"\n","level":"info","timestamp":"2018-12-25T17:42:57.554Z"}
{"message":"request for update","level":"info","timestamp":"2018-12-25T17:43:06.052Z"}
{"level":"error","timestamp":"2018-12-25T17:43:06.068Z"}
{"message":"::1 - - [25/Dec/2018:17:43:06 +0000] \"PUT /account HTTP/1.1\" 200 79 \"-\" \"PostmanRuntime/7.4.0\"\n","level":"info","timestamp":"2018-12-25T17:43:06.072Z"}
{"message":"::1 - - [25/Dec/2018:17:43:27 +0000] \"GET /accounts HTTP/1.1\" 200 1785 \"-\" \"PostmanRuntime/7.4.0\"\n","level":"info","timestamp":"2018-12-25T17:43:27.050Z"}
{"message":"request for update","level":"info","timestamp":"2018-12-25T17:43:47.919Z"}
{"level":"error","timestamp":"2018-12-25T17:43:47.925Z"}
{"message":"::1 - - [25/Dec/2018:17:43:47 +0000] \"PUT /account HTTP/1.1\" 200 79 \"-\" \"PostmanRuntime/7.4.0\"\n","level":"info","timestamp":"2018-12-25T17:43:47.926Z"}
{"message":"::1 - - [25/Dec/2018:17:43:55 +0000] \"GET /accounts HTTP/1.1\" 200 1785 \"-\" \"PostmanRuntime/7.4.0\"\n","level":"info","timestamp":"2018-12-25T17:43:55.530Z"}
{"message":"request for update","level":"info","timestamp":"2018-12-25T17:44:10.623Z"}
{"message":"::1 - - [25/Dec/2018:17:44:10 +0000] \"PUT /account HTTP/1.1\" 200 42 \"-\" \"PostmanRuntime/7.4.0\"\n","level":"info","timestamp":"2018-12-25T17:44:10.624Z"}
{"message":"request for update","level":"info","timestamp":"2018-12-25T17:44:26.923Z"}
{"message":"::1 - - [25/Dec/2018:17:44:26 +0000] \"PUT /account HTTP/1.1\" 200 42 \"-\" \"PostmanRuntime/7.4.0\"\n","level":"info","timestamp":"2018-12-25T17:44:26.924Z"}
{"message":"request for update","level":"info","timestamp":"2018-12-25T17:48:49.615Z"}
{"level":"error","timestamp":"2018-12-25T17:48:49.671Z"}
{"message":"::1 - - [25/Dec/2018:17:48:49 +0000] \"PUT /account HTTP/1.1\" 200 79 \"-\" \"PostmanRuntime/7.4.0\"\n","level":"info","timestamp":"2018-12-25T17:48:49.678Z"}
{"message":"request for update","level":"info","timestamp":"2018-12-25T17:49:01.651Z"}
{"level":"error","timestamp":"2018-12-25T17:49:01.657Z"}
{"message":"::1 - - [25/Dec/2018:17:49:01 +0000] \"PUT /account HTTP/1.1\" 200 79 \"-\" \"PostmanRuntime/7.4.0\"\n","level":"info","timestamp":"2018-12-25T17:49:01.659Z"}
{"message":"::1 - - [25/Dec/2018:17:49:09 +0000] \"GET /accounts HTTP/1.1\" 200 1785 \"-\" \"PostmanRuntime/7.4.0\"\n","level":"info","timestamp":"2018-12-25T17:49:09.889Z"}
{"message":"::1 - - [25/Dec/2018:17:51:28 +0000] \"GET /accounts HTTP/1.1\" 200 1785 \"-\" \"PostmanRuntime/7.4.0\"\n","level":"info","timestamp":"2018-12-25T17:51:28.651Z"}
{"message":"request for update","level":"info","timestamp":"2018-12-25T17:51:37.181Z"}
{"message":"::1 - - [25/Dec/2018:17:51:37 +0000] \"PUT /account HTTP/1.1\" 200 42 \"-\" \"PostmanRuntime/7.4.0\"\n","level":"info","timestamp":"2018-12-25T17:51:37.183Z"}
{"error":{"errno":"ECONNREFUSED","code":"ECONNREFUSED","syscall":"connect","address":"127.0.0.1","port":3306,"fatal":true},"level":"error","message":"uncaughtException: connect ECONNREFUSED 127.0.0.1:3306\nError: connect ECONNREFUSED 127.0.0.1:3306\n    at TCPConnectWrap.afterConnect [as oncomplete] (net.js:1113:14)\n    --------------------\n    at Protocol._enqueue (C:\\Users\\CODE.ID\\latihan_node\\node_modules\\mysql\\lib\\protocol\\Protocol.js:144:48)\n    at Protocol.handshake (C:\\Users\\CODE.ID\\latihan_node\\node_modules\\mysql\\lib\\protocol\\Protocol.js:51:23)\n    at Connection.connect (C:\\Users\\CODE.ID\\latihan_node\\node_modules\\mysql\\lib\\Connection.js:118:18)\n    at Object.<anonymous> (C:\\Users\\CODE.ID\\latihan_node\\db\\conn.js:10:5)\n    at Module._compile (internal/modules/cjs/loader.js:688:30)\n    at Object.Module._extensions..js (internal/modules/cjs/loader.js:699:10)\n    at Module.load (internal/modules/cjs/loader.js:598:32)\n    at tryModuleLoad (internal/modules/cjs/loader.js:537:12)\n    at Function.Module._load (internal/modules/cjs/loader.js:529:3)\n    at Module.require (internal/modules/cjs/loader.js:636:17)\n    at require (internal/modules/cjs/helpers.js:20:18)\n    at Object.<anonymous> (C:\\Users\\CODE.ID\\latihan_node\\dao\\transaction-dao.js:1:80)\n    at Module._compile (internal/modules/cjs/loader.js:688:30)\n    at Object.Module._extensions..js (internal/modules/cjs/loader.js:699:10)\n    at Module.load (internal/modules/cjs/loader.js:598:32)\n    at tryModuleLoad (internal/modules/cjs/loader.js:537:12)\n    at Function.Module._load (internal/modules/cjs/loader.js:529:3)\n    at Module.require (internal/modules/cjs/loader.js:636:17)\n    at require (internal/modules/cjs/helpers.js:20:18)\n    at Object.<anonymous> (C:\\Users\\CODE.ID\\latihan_node\\controller\\transaction-controller.js:2:22)\n    at Module._compile (internal/modules/cjs/loader.js:688:30)\n    at Object.Module._extensions..js (internal/modules/cjs/loader.js:699:10)","stack":"Error: connect ECONNREFUSED 127.0.0.1:3306\n    at TCPConnectWrap.afterConnect [as oncomplete] (net.js:1113:14)\n    --------------------\n    at Protocol._enqueue (C:\\Users\\CODE.ID\\latihan_node\\node_modules\\mysql\\lib\\protocol\\Protocol.js:144:48)\n    at Protocol.handshake (C:\\Users\\CODE.ID\\latihan_node\\node_modules\\mysql\\lib\\protocol\\Protocol.js:51:23)\n    at Connection.connect (C:\\Users\\CODE.ID\\latihan_node\\node_modules\\mysql\\lib\\Connection.js:118:18)\n    at Object.<anonymous> (C:\\Users\\CODE.ID\\latihan_node\\db\\conn.js:10:5)\n    at Module._compile (internal/modules/cjs/loader.js:688:30)\n    at Object.Module._extensions..js (internal/modules/cjs/loader.js:699:10)\n    at Module.load (internal/modules/cjs/loader.js:598:32)\n    at tryModuleLoad (internal/modules/cjs/loader.js:537:12)\n    at Function.Module._load (internal/modules/cjs/loader.js:529:3)\n    at Module.require (internal/modules/cjs/loader.js:636:17)\n    at require (internal/modules/cjs/helpers.js:20:18)\n    at Object.<anonymous> (C:\\Users\\CODE.ID\\latihan_node\\dao\\transaction-dao.js:1:80)\n    at Module._compile (internal/modules/cjs/loader.js:688:30)\n    at Object.Module._extensions..js (internal/modules/cjs/loader.js:699:10)\n    at Module.load (internal/modules/cjs/loader.js:598:32)\n    at tryModuleLoad (internal/modules/cjs/loader.js:537:12)\n    at Function.Module._load (internal/modules/cjs/loader.js:529:3)\n    at Module.require (internal/modules/cjs/loader.js:636:17)\n    at require (internal/modules/cjs/helpers.js:20:18)\n    at Object.<anonymous> (C:\\Users\\CODE.ID\\latihan_node\\controller\\transaction-controller.js:2:22)\n    at Module._compile (internal/modules/cjs/loader.js:688:30)\n    at Object.Module._extensions..js (internal/modules/cjs/loader.js:699:10)","exception":true,"date":"Wed Dec 26 2018 07:56:39 GMT+0700 (Indochina Time)","process":{"pid":9008,"uid":null,"gid":null,"cwd":"C:\\Users\\CODE.ID\\latihan_node","execPath":"C:\\Program Files\\nodejs\\node.exe","version":"v10.14.1","argv":["C:\\Program Files\\nodejs\\node.exe","C:\\Users\\CODE.ID\\latihan_node\\server.js"],"memoryUsage":{"rss":59736064,"heapTotal":42242048,"heapUsed":26850368,"external":579326}},"os":{"loadavg":[0,0,0],"uptime":478234},"trace":[{"column":14,"file":"net.js","function":"TCPConnectWrap.afterConnect [as oncomplete]","line":1113,"method":"afterConnect [as oncomplete]","native":false},{"column":null,"file":"    --------------------","function":null,"line":null,"method":null,"native":null},{"column":48,"file":"C:\\Users\\CODE.ID\\latihan_node\\node_modules\\mysql\\lib\\protocol\\Protocol.js","function":"Protocol._enqueue","line":144,"method":"_enqueue","native":false},{"column":23,"file":"C:\\Users\\CODE.ID\\latihan_node\\node_modules\\mysql\\lib\\protocol\\Protocol.js","function":"Protocol.handshake","line":51,"method":"handshake","native":false},{"column":18,"file":"C:\\Users\\CODE.ID\\latihan_node\\node_modules\\mysql\\lib\\Connection.js","function":"Connection.connect","line":118,"method":"connect","native":false},{"column":5,"file":"C:\\Users\\CODE.ID\\latihan_node\\db\\conn.js","function":null,"line":10,"method":null,"native":false},{"column":30,"file":"internal/modules/cjs/loader.js","function":"Module._compile","line":688,"method":"_compile","native":false},{"column":10,"file":"internal/modules/cjs/loader.js","function":"Module._extensions..js","line":699,"method":".js","native":false},{"column":32,"file":"internal/modules/cjs/loader.js","function":"Module.load","line":598,"method":"load","native":false},{"column":12,"file":"internal/modules/cjs/loader.js","function":"tryModuleLoad","line":537,"method":null,"native":false},{"column":3,"file":"internal/modules/cjs/loader.js","function":"Module._load","line":529,"method":"_load","native":false},{"column":17,"file":"internal/modules/cjs/loader.js","function":"Module.require","line":636,"method":"require","native":false},{"column":18,"file":"internal/modules/cjs/helpers.js","function":"require","line":20,"method":null,"native":false},{"column":80,"file":"C:\\Users\\CODE.ID\\latihan_node\\dao\\transaction-dao.js","function":null,"line":1,"method":null,"native":false},{"column":30,"file":"internal/modules/cjs/loader.js","function":"Module._compile","line":688,"method":"_compile","native":false},{"column":10,"file":"internal/modules/cjs/loader.js","function":"Module._extensions..js","line":699,"method":".js","native":false},{"column":32,"file":"internal/modules/cjs/loader.js","function":"Module.load","line":598,"method":"load","native":false},{"column":12,"file":"internal/modules/cjs/loader.js","function":"tryModuleLoad","line":537,"method":null,"native":false},{"column":3,"file":"internal/modules/cjs/loader.js","function":"Module._load","line":529,"method":"_load","native":false},{"column":17,"file":"internal/modules/cjs/loader.js","function":"Module.require","line":636,"method":"require","native":false},{"column":18,"file":"internal/modules/cjs/helpers.js","function":"require","line":20,"method":null,"native":false},{"column":22,"file":"C:\\Users\\CODE.ID\\latihan_node\\controller\\transaction-controller.js","function":null,"line":2,"method":null,"native":false},{"column":30,"file":"internal/modules/cjs/loader.js","function":"Module._compile","line":688,"method":"_compile","native":false},{"column":10,"file":"internal/modules/cjs/loader.js","function":"Module._extensions..js","line":699,"method":".js","native":false}],"timestamp":"2018-12-26T00:56:40.049Z"}
{"message":"::1 - - [26/Dec/2018:00:57:03 +0000] \"PUT /accounts HTTP/1.1\" 404 147 \"-\" \"PostmanRuntime/7.4.0\"\n","level":"info","timestamp":"2018-12-26T00:57:03.880Z"}
{"message":"::1 - - [26/Dec/2018:00:57:11 +0000] \"GET /accounts HTTP/1.1\" 200 1785 \"-\" \"PostmanRuntime/7.4.0\"\n","level":"info","timestamp":"2018-12-26T00:57:11.367Z"}
{"message":"request for insert : ","level":"info","timestamp":"2018-12-26T00:58:22.965Z"}
{"message":"::1 - - [26/Dec/2018:00:58:23 +0000] \"POST /account HTTP/1.1\" 200 50 \"-\" \"PostmanRuntime/7.4.0\"\n","level":"info","timestamp":"2018-12-26T00:58:23.224Z"}
{"message":"::1 - - [26/Dec/2018:00:58:32 +0000] \"GET /accounts HTTP/1.1\" 200 2086 \"-\" \"PostmanRuntime/7.4.0\"\n","level":"info","timestamp":"2018-12-26T00:58:32.608Z"}
{"message":"request for update","level":"info","timestamp":"2018-12-26T01:00:03.138Z"}
{"message":"::1 - - [26/Dec/2018:01:00:03 +0000] \"PUT /account HTTP/1.1\" 200 42 \"-\" \"PostmanRuntime/7.4.0\"\n","level":"info","timestamp":"2018-12-26T01:00:03.141Z"}
{"message":"request for update","level":"info","timestamp":"2018-12-26T01:02:19.746Z"}
{"message":"::1 - - [26/Dec/2018:01:02:19 +0000] \"PUT /account HTTP/1.1\" 200 42 \"-\" \"PostmanRuntime/7.4.0\"\n","level":"info","timestamp":"2018-12-26T01:02:19.754Z"}
{"message":"request for update","level":"info","timestamp":"2018-12-26T01:02:21.053Z"}
{"message":"::1 - - [26/Dec/2018:01:02:21 +0000] \"PUT /account HTTP/1.1\" 200 42 \"-\" \"PostmanRuntime/7.4.0\"\n","level":"info","timestamp":"2018-12-26T01:02:21.055Z"}
{"message":"request for update","level":"info","timestamp":"2018-12-26T01:03:49.370Z"}
{"message":"::1 - - [26/Dec/2018:01:08:59 +0000] \"PUT /account HTTP/1.1\" 200 42 \"-\" \"PostmanRuntime/7.4.0\"\n","level":"info","timestamp":"2018-12-26T01:08:59.267Z"}
{"message":"::1 - - [26/Dec/2018:01:09:40 +0000] \"GET /accounts HTTP/1.1\" 200 2086 \"-\" \"PostmanRuntime/7.4.0\"\n","level":"info","timestamp":"2018-12-26T01:09:40.764Z"}
{"message":"request for update","level":"info","timestamp":"2018-12-26T01:11:36.170Z"}
{"message":"::1 - - [26/Dec/2018:01:11:36 +0000] \"PUT /account HTTP/1.1\" 200 42 \"-\" \"PostmanRuntime/7.4.0\"\n","level":"info","timestamp":"2018-12-26T01:11:36.172Z"}
{"message":"request for update","level":"info","timestamp":"2018-12-26T01:12:08.754Z"}
{"message":"request for update","level":"info","timestamp":"2018-12-26T01:12:46.786Z"}
{"message":"request for update","level":"info","timestamp":"2018-12-26T01:13:27.914Z"}
{"message":"result update: ","level":"info","timestamp":"2018-12-26T01:13:28.022Z"}
{"message":[null,1],"level":"info","timestamp":"2018-12-26T01:13:28.023Z"}
{"message":"::1 - - [26/Dec/2018:01:13:28 +0000] \"PUT /account HTTP/1.1\" 200 42 \"-\" \"PostmanRuntime/7.4.0\"\n","level":"info","timestamp":"2018-12-26T01:13:28.034Z"}
{"message":"::1 - - [26/Dec/2018:01:25:45 +0000] \"PUT /accounts HTTP/1.1\" 404 147 \"-\" \"PostmanRuntime/7.4.0\"\n","level":"info","timestamp":"2018-12-26T01:25:45.127Z"}
{"message":"::1 - - [26/Dec/2018:01:25:52 +0000] \"GET /accounts HTTP/1.1\" 200 2087 \"-\" \"PostmanRuntime/7.4.0\"\n","level":"info","timestamp":"2018-12-26T01:25:52.197Z"}
{"message":"deleting account id 17","level":"info","timestamp":"2018-12-26T01:31:13.467Z"}
{"level":"error","timestamp":"2018-12-26T01:31:13.474Z"}
{"message":"::1 - - [26/Dec/2018:01:31:13 +0000] \"DELETE /account/17 HTTP/1.1\" 200 79 \"-\" \"PostmanRuntime/7.4.0\"\n","level":"info","timestamp":"2018-12-26T01:31:13.475Z"}
{"message":"deleting account id 17","level":"info","timestamp":"2018-12-26T01:32:22.097Z"}
{"message":"result update","level":"info","timestamp":"2018-12-26T01:32:22.243Z"}
{"message":1,"level":"info","timestamp":"2018-12-26T01:32:22.243Z"}
{"message":"::1 - - [26/Dec/2018:01:32:22 +0000] \"DELETE /account/17 HTTP/1.1\" 200 28 \"-\" \"PostmanRuntime/7.4.0\"\n","level":"info","timestamp":"2018-12-26T01:32:22.253Z"}
{"name":"SequelizeEagerLoadingError","level":"error","timestamp":"2018-12-26T01:53:23.033Z"}
{"message":"::1 - - [26/Dec/2018:01:53:23 +0000] \"GET /transactions HTTP/1.1\" 200 115 \"-\" \"PostmanRuntime/7.4.0\"\n","level":"info","timestamp":"2018-12-26T01:53:23.040Z"}
{"name":"SequelizeEagerLoadingError","level":"error","timestamp":"2018-12-26T01:56:25.469Z"}
{"message":"::1 - - [26/Dec/2018:01:56:25 +0000] \"GET /transactions HTTP/1.1\" 200 115 \"-\" \"PostmanRuntime/7.4.0\"\n","level":"info","timestamp":"2018-12-26T01:56:25.476Z"}
{"name":"SequelizeEagerLoadingError","level":"error","timestamp":"2018-12-26T02:06:37.995Z"}
{"message":"::1 - - [26/Dec/2018:02:06:38 +0000] \"GET /transactions HTTP/1.1\" 200 115 \"-\" \"PostmanRuntime/7.4.0\"\n","level":"info","timestamp":"2018-12-26T02:06:38.001Z"}
{"name":"SequelizeEagerLoadingError","level":"error","timestamp":"2018-12-26T02:07:27.457Z"}
{"message":"::1 - - [26/Dec/2018:02:07:27 +0000] \"GET /transactions HTTP/1.1\" 200 115 \"-\" \"PostmanRuntime/7.4.0\"\n","level":"info","timestamp":"2018-12-26T02:07:27.464Z"}
{"name":"SequelizeEagerLoadingError","level":"error","timestamp":"2018-12-26T02:07:28.592Z"}
{"message":"::1 - - [26/Dec/2018:02:07:28 +0000] \"GET /transactions HTTP/1.1\" 200 115 \"-\" \"PostmanRuntime/7.4.0\"\n","level":"info","timestamp":"2018-12-26T02:07:28.592Z"}
{"name":"SequelizeEagerLoadingError","level":"error","timestamp":"2018-12-26T02:07:29.549Z"}
{"message":"::1 - - [26/Dec/2018:02:07:29 +0000] \"GET /transactions HTTP/1.1\" 200 115 \"-\" \"PostmanRuntime/7.4.0\"\n","level":"info","timestamp":"2018-12-26T02:07:29.550Z"}
{"name":"SequelizeEagerLoadingError","level":"error","timestamp":"2018-12-26T02:08:10.922Z"}
{"message":"::1 - - [26/Dec/2018:02:08:10 +0000] \"GET /transactions HTTP/1.1\" 200 115 \"-\" \"PostmanRuntime/7.4.0\"\n","level":"info","timestamp":"2018-12-26T02:08:10.928Z"}
{"message":"::1 - - [26/Dec/2018:02:08:15 +0000] \"GET /transaction/5 HTTP/1.1\" 500 2518 \"-\" \"PostmanRuntime/7.4.0\"\n","level":"info","timestamp":"2018-12-26T02:08:15.026Z"}
{"message":"::1 - - [26/Dec/2018:02:09:14 +0000] \"GET /transaction/10 HTTP/1.1\" 500 2545 \"-\" \"PostmanRuntime/7.4.0\"\n","level":"info","timestamp":"2018-12-26T02:09:14.987Z"}
{"message":"::1 - - [26/Dec/2018:02:10:05 +0000] \"GET /transaction/10 HTTP/1.1\" 200 114 \"-\" \"PostmanRuntime/7.4.0\"\n","level":"info","timestamp":"2018-12-26T02:10:05.998Z"}
{"name":"SequelizeEagerLoadingError","level":"error","timestamp":"2018-12-26T02:10:12.498Z"}
{"message":"::1 - - [26/Dec/2018:02:10:12 +0000] \"GET /transactions HTTP/1.1\" 200 115 \"-\" \"PostmanRuntime/7.4.0\"\n","level":"info","timestamp":"2018-12-26T02:10:12.500Z"}
{"message":"::1 - - [26/Dec/2018:02:10:46 +0000] \"GET /transactions HTTP/1.1\" 200 221 \"-\" \"PostmanRuntime/7.4.0\"\n","level":"info","timestamp":"2018-12-26T02:10:46.861Z"}
{"message":"::1 - - [26/Dec/2018:02:20:37 +0000] \"POST /transaction HTTP/1.1\" 500 2376 \"-\" \"PostmanRuntime/7.4.0\"\n","level":"info","timestamp":"2018-12-26T02:20:37.140Z"}
{"message":"::1 - - [26/Dec/2018:02:21:14 +0000] \"POST /transaction HTTP/1.1\" 200 57 \"-\" \"PostmanRuntime/7.4.0\"\n","level":"info","timestamp":"2018-12-26T02:21:14.123Z"}
{"message":"::1 - - [26/Dec/2018:02:21:27 +0000] \"GET /transactions HTTP/1.1\" 200 418 \"-\" \"PostmanRuntime/7.4.0\"\n","level":"info","timestamp":"2018-12-26T02:21:27.507Z"}
{"message":"::1 - - [26/Dec/2018:02:35:26 +0000] \"PUT /transaction HTTP/1.1\" 500 2388 \"-\" \"PostmanRuntime/7.4.0\"\n","level":"info","timestamp":"2018-12-26T02:35:26.451Z"}
{"level":"error","timestamp":"2018-12-26T02:36:07.099Z"}
{"message":"::1 - - [26/Dec/2018:02:36:56 +0000] \"GET /transactions HTTP/1.1\" 200 418 \"-\" \"PostmanRuntime/7.4.0\"\n","level":"info","timestamp":"2018-12-26T02:36:56.030Z"}
{"level":"error","timestamp":"2018-12-26T02:37:27.316Z"}
{"level":"error","timestamp":"2018-12-26T02:40:20.746Z"}
{"level":"error","timestamp":"2018-12-26T02:42:23.013Z"}
{"level":"error","timestamp":"2018-12-26T02:46:07.510Z"}
{"level":"error","timestamp":"2018-12-26T02:46:44.219Z"}
{"message":"::1 - - [26/Dec/2018:02:50:46 +0000] \"GET /transaction/10 HTTP/1.1\" 200 114 \"-\" \"PostmanRuntime/7.4.0\"\n","level":"info","timestamp":"2018-12-26T02:50:46.169Z"}
{"level":"error","timestamp":"2018-12-26T02:51:27.129Z"}
{"message":"result update: ","level":"info","timestamp":"2018-12-26T02:55:47.390Z"}
{"message":[null,1],"level":"info","timestamp":"2018-12-26T02:55:47.393Z"}
{"message":"::1 - - [26/Dec/2018:02:55:47 +0000] \"PUT /transaction HTTP/1.1\" 200 49 \"-\" \"PostmanRuntime/7.4.0\"\n","level":"info","timestamp":"2018-12-26T02:55:47.409Z"}
{"message":"::1 - - [26/Dec/2018:02:55:58 +0000] \"GET /transactions HTTP/1.1\" 200 416 \"-\" \"PostmanRuntime/7.4.0\"\n","level":"info","timestamp":"2018-12-26T02:55:58.397Z"}
{"message":"result update: ","level":"info","timestamp":"2018-12-26T02:57:25.331Z"}
{"message":[null,1],"level":"info","timestamp":"2018-12-26T02:57:25.336Z"}
{"level":"error","timestamp":"2018-12-26T02:57:25.339Z"}
{"message":"result update: ","level":"info","timestamp":"2018-12-26T02:58:19.556Z"}
{"message":[null,0],"level":"info","timestamp":"2018-12-26T02:58:19.558Z"}
{"level":"error","timestamp":"2018-12-26T02:58:19.561Z"}
{"message":"::1 - - [26/Dec/2018:02:58:30 +0000] \"PUT /transaction HTTP/1.1\" - - \"-\" \"PostmanRuntime/7.4.0\"\n","level":"info","timestamp":"2018-12-26T02:58:30.994Z"}
{"message":"result update: ","level":"info","timestamp":"2018-12-26T02:58:57.413Z"}
{"message":[null,0],"level":"info","timestamp":"2018-12-26T02:58:57.414Z"}
{"message":"::1 - - [26/Dec/2018:02:58:57 +0000] \"PUT /transaction HTTP/1.1\" 200 49 \"-\" \"PostmanRuntime/7.4.0\"\n","level":"info","timestamp":"2018-12-26T02:58:57.420Z"}
{"message":"result update: ","level":"info","timestamp":"2018-12-26T02:59:51.513Z"}
{"message":[null,1],"level":"info","timestamp":"2018-12-26T02:59:51.515Z"}
{"message":"::1 - - [26/Dec/2018:02:59:51 +0000] \"PUT /transaction HTTP/1.1\" 200 42 \"-\" \"PostmanRuntime/7.4.0\"\n","level":"info","timestamp":"2018-12-26T02:59:51.529Z"}
{"message":"result update","level":"info","timestamp":"2018-12-26T03:06:09.910Z"}
{"message":1,"level":"info","timestamp":"2018-12-26T03:06:09.912Z"}
{"message":"::1 - - [26/Dec/2018:03:06:09 +0000] \"DELETE /transaction/10 HTTP/1.1\" 200 28 \"-\" \"PostmanRuntime/7.4.0\"\n","level":"info","timestamp":"2018-12-26T03:06:09.933Z"}
{"message":"::1 - - [26/Dec/2018:03:06:18 +0000] \"GET /transactions HTTP/1.1\" 200 222 \"-\" \"PostmanRuntime/7.4.0\"\n","level":"info","timestamp":"2018-12-26T03:06:18.757Z"}
{"message":"result update","level":"info","timestamp":"2018-12-26T03:07:21.758Z"}
{"message":1,"level":"info","timestamp":"2018-12-26T03:07:21.758Z"}
{"message":"::1 - - [26/Dec/2018:03:07:21 +0000] \"DELETE /transaction/11 HTTP/1.1\" 200 28 \"-\" \"PostmanRuntime/7.4.0\"\n","level":"info","timestamp":"2018-12-26T03:07:21.759Z"}
{"message":"::1 - - [26/Dec/2018:03:07:56 +0000] \"POST /transaction HTTP/1.1\" 200 57 \"-\" \"PostmanRuntime/7.4.0\"\n","level":"info","timestamp":"2018-12-26T03:07:56.848Z"}
{"message":"result update","level":"info","timestamp":"2018-12-26T03:08:21.008Z"}
{"message":1,"level":"info","timestamp":"2018-12-26T03:08:21.008Z"}
{"message":"::1 - - [26/Dec/2018:03:08:21 +0000] \"DELETE /transaction/10 HTTP/1.1\" 200 43 \"-\" \"PostmanRuntime/7.4.0\"\n","level":"info","timestamp":"2018-12-26T03:08:21.010Z"}
